<?xml version="1.0" encoding="UTF-8"?>
<testsuite xmlns:xsi="http://www.w3.org/2001/XMLSchema-instance" xsi:noNamespaceSchemaLocation="https://maven.apache.org/surefire/maven-surefire-plugin/xsd/surefire-test-report.xsd" name="com.fight.model.KnightTest" time="0.643" tests="4" errors="0" skipped="0" failures="0">
  <properties>
[...]
</properties>
  <testcase name="goLeft" classname="com.fight.model.KnightTest" time="0.026"/>
  <testcase name="goForward" classname="com.fight.model.KnightTest" time="0"/>
  <testcase name="goRight" classname="com.fight.model.KnightTest" time="0.023"/>
  <testcase name="goBackward" classname="com.fight.model.KnightTest" time="0.001"/>
</testsuite>